# JRE version: OpenJDK Runtime Environment (7.0_95) (build 1.7.0_95-b00)
# Java VM: OpenJDK 64-Bit Server VM (24.95-b01 mixed mode linux-amd64 compressed oops)
Heap
 PSYoungGen      total 126976K, used 13799K [0x00000000eaa80000, 0x00000000f3580000, 0x0000000100000000)
  eden space 113152K, 0% used [0x00000000eaa80000,0x00000000eaa80000,0x00000000f1900000)
  from space 13824K, 99% used [0x00000000f1900000,0x00000000f2679ed0,0x00000000f2680000)
  to   space 12288K, 0% used [0x00000000f2680000,0x00000000f2680000,0x00000000f3280000)
 ParOldGen       total 35840K, used 33798K [0x00000000c0000000, 0x00000000c2300000, 0x00000000eaa80000)
  object space 35840K, 94% used [0x00000000c0000000,0x00000000c2101be0,0x00000000c2300000)
 PSPermGen       total 21504K, used 6314K [0x00000000b5a00000, 0x00000000b6f00000, 0x00000000c0000000)
  object space 21504K, 29% used [0x00000000b5a00000,0x00000000b602aba8,0x00000000b6f00000)
GC Heap History (10 events):
Event: 11.948 GC heap after
Heap after GC invocations=2 (full 0):
 PSYoungGen      total 30720K, used 2028K [0x00000000eaa80000, 0x00000000eca80000, 0x0000000100000000)
  eden space 28672K, 0% used [0x00000000eaa80000,0x00000000eaa80000,0x00000000ec680000)
  from space 2048K, 99% used [0x00000000ec880000,0x00000000eca7b128,0x00000000eca80000)
  to   space 2048K, 0% used [0x00000000ec680000,0x00000000ec680000,0x00000000ec880000)
 ParOldGen       total 35840K, used 2427K [0x00000000c0000000, 0x00000000c2300000, 0x00000000eaa80000)
  object space 35840K, 6% used [0x00000000c0000000,0x00000000c025efd8,0x00000000c2300000)
 PSPermGen       total 21504K, used 6013K [0x00000000b5a00000, 0x00000000b6f00000, 0x00000000c0000000)
  object space 21504K, 27% used [0x00000000b5a00000,0x00000000b5fdf678,0x00000000b6f00000)
}
Event: 20.292 GC heap before
{Heap before GC invocations=3 (full 0):
 PSYoungGen      total 30720K, used 30700K [0x00000000eaa80000, 0x00000000eca80000, 0x0000000100000000)
  eden space 28672K, 100% used [0x00000000eaa80000,0x00000000ec680000,0x00000000ec680000)
  from space 2048K, 99% used [0x00000000ec880000,0x00000000eca7b128,0x00000000eca80000)
  to   space 2048K, 0% used [0x00000000ec680000,0x00000000ec680000,0x00000000ec880000)
 ParOldGen       total 35840K, used 2427K [0x00000000c0000000, 0x00000000c2300000, 0x00000000eaa80000)
  object space 35840K, 6% used [0x00000000c0000000,0x00000000c025efd8,0x00000000c2300000)
 PSPermGen       total 21504K, used 6157K [0x00000000b5a00000, 0x00000000b6f00000, 0x00000000c0000000)
  object space 21504K, 28% used [0x00000000b5a00000,0x00000000b6003568,0x00000000b6f00000)
Event: 20.482 GC heap after
Heap after GC invocations=3 (full 0):
 PSYoungGen      total 30720K, used 2022K [0x00000000eaa80000, 0x00000000ee680000, 0x0000000100000000)
  eden space 28672K, 0% used [0x00000000eaa80000,0x00000000eaa80000,0x00000000ec680000)
  from space 2048K, 98% used [0x00000000ec680000,0x00000000ec879aa8,0x00000000ec880000)
  to   space 2048K, 0% used [0x00000000ee480000,0x00000000ee480000,0x00000000ee680000)
 ParOldGen       total 35840K, used 7108K [0x00000000c0000000, 0x00000000c2300000, 0x00000000eaa80000)
  object space 35840K, 19% used [0x00000000c0000000,0x00000000c06f1028,0x00000000c2300000)
 PSPermGen       total 21504K, used 6157K [0x00000000b5a00000, 0x00000000b6f00000, 0x00000000c0000000)
  object space 21504K, 28% used [0x00000000b5a00000,0x00000000b6003568,0x00000000b6f00000)
}
Event: 31.114 GC heap before
{Heap before GC invocations=4 (full 0):
 PSYoungGen      total 30720K, used 30694K [0x00000000eaa80000, 0x00000000ee680000, 0x0000000100000000)
  eden space 28672K, 100% used [0x00000000eaa80000,0x00000000ec680000,0x00000000ec680000)
  from space 2048K, 98% used [0x00000000ec680000,0x00000000ec879aa8,0x00000000ec880000)
  to   space 2048K, 0% used [0x00000000ee480000,0x00000000ee480000,0x00000000ee680000)
 ParOldGen       total 35840K, used 7108K [0x00000000c0000000, 0x00000000c2300000, 0x00000000eaa80000)
  object space 35840K, 19% used [0x00000000c0000000,0x00000000c06f1028,0x00000000c2300000)
 PSPermGen       total 21504K, used 6196K [0x00000000b5a00000, 0x00000000b6f00000, 0x00000000c0000000)
  object space 21504K, 28% used [0x00000000b5a00000,0x00000000b600d2b0,0x00000000b6f00000)
Event: 31.365 GC heap after
Heap after GC invocations=4 (full 0):
 PSYoungGen      total 59392K, used 2039K [0x00000000eaa80000, 0x00000000ee680000, 0x0000000100000000)
  eden space 57344K, 0% used [0x00000000eaa80000,0x00000000eaa80000,0x00000000ee280000)
  from space 2048K, 99% used [0x00000000ee480000,0x00000000ee67dc80,0x00000000ee680000)
  to   space 2048K, 0% used [0x00000000ee280000,0x00000000ee280000,0x00000000ee480000)
 ParOldGen       total 35840K, used 12175K [0x00000000c0000000, 0x00000000c2300000, 0x00000000eaa80000)
  object space 35840K, 33% used [0x00000000c0000000,0x00000000c0be3df8,0x00000000c2300000)
 PSPermGen       total 21504K, used 6196K [0x00000000b5a00000, 0x00000000b6f00000, 0x00000000c0000000)
  object space 21504K, 28% used [0x00000000b5a00000,0x00000000b600d2b0,0x00000000b6f00000)
}
Event: 43.995 GC heap before
{Heap before GC invocations=5 (full 0):
 PSYoungGen      total 59392K, used 59383K [0x00000000eaa80000, 0x00000000ee680000, 0x0000000100000000)
  eden space 57344K, 100% used [0x00000000eaa80000,0x00000000ee280000,0x00000000ee280000)
  from space 2048K, 99% used [0x00000000ee480000,0x00000000ee67dc80,0x00000000ee680000)
  to   space 2048K, 0% used [0x00000000ee280000,0x00000000ee280000,0x00000000ee480000)
 ParOldGen       total 35840K, used 12175K [0x00000000c0000000, 0x00000000c2300000, 0x00000000eaa80000)
  object space 35840K, 33% used [0x00000000c0000000,0x00000000c0be3df8,0x00000000c2300000)
 PSPermGen       total 21504K, used 6240K [0x00000000b5a00000, 0x00000000b6f00000, 0x00000000c0000000)
  object space 21504K, 29% used [0x00000000b5a00000,0x00000000b6018240,0x00000000b6f00000)
Event: 44.311 GC heap after
Heap after GC invocations=5 (full 0):
 PSYoungGen      total 59392K, used 2022K [0x00000000eaa80000, 0x00000000f3280000, 0x0000000100000000)
  eden space 57344K, 0% used [0x00000000eaa80000,0x00000000eaa80000,0x00000000ee280000)
  from space 2048K, 98% used [0x00000000ee280000,0x00000000ee479bd0,0x00000000ee480000)
  to   space 12288K, 0% used [0x00000000f2680000,0x00000000f2680000,0x00000000f3280000)
 ParOldGen       total 35840K, used 21259K [0x00000000c0000000, 0x00000000c2300000, 0x00000000eaa80000)
  object space 35840K, 59% used [0x00000000c0000000,0x00000000c14c2e40,0x00000000c2300000)
 PSPermGen       total 21504K, used 6240K [0x00000000b5a00000, 0x00000000b6f00000, 0x00000000c0000000)
  object space 21504K, 29% used [0x00000000b5a00000,0x00000000b6018240,0x00000000b6f00000)
}
Event: 59.115 GC heap before
{Heap before GC invocations=6 (full 0):
 PSYoungGen      total 59392K, used 59366K [0x00000000eaa80000, 0x00000000f3280000, 0x0000000100000000)
  eden space 57344K, 100% used [0x00000000eaa80000,0x00000000ee280000,0x00000000ee280000)
  from space 2048K, 98% used [0x00000000ee280000,0x00000000ee479bd0,0x00000000ee480000)
  to   space 12288K, 0% used [0x00000000f2680000,0x00000000f2680000,0x00000000f3280000)
 ParOldGen       total 35840K, used 21259K [0x00000000c0000000, 0x00000000c2300000, 0x00000000eaa80000)
  object space 35840K, 59% used [0x00000000c0000000,0x00000000c14c2e40,0x00000000c2300000)
 PSPermGen       total 21504K, used 6278K [0x00000000b5a00000, 0x00000000b6f00000, 0x00000000c0000000)
  object space 21504K, 29% used [0x00000000b5a00000,0x00000000b6021958,0x00000000b6f00000)
Event: 59.415 GC heap after
Heap after GC invocations=6 (full 0):
 PSYoungGen      total 125440K, used 10120K [0x00000000eaa80000, 0x00000000f3580000, 0x0000000100000000)
  eden space 113152K, 0% used [0x00000000eaa80000,0x00000000eaa80000,0x00000000f1900000)
  from space 12288K, 82% used [0x00000000f2680000,0x00000000f3062300,0x00000000f3280000)
  to   space 13824K, 0% used [0x00000000f1900000,0x00000000f1900000,0x00000000f2680000)
 ParOldGen       total 35840K, used 21259K [0x00000000c0000000, 0x00000000c2300000, 0x00000000eaa80000)
  object space 35840K, 59% used [0x00000000c0000000,0x00000000c14c2e40,0x00000000c2300000)
 PSPermGen       total 21504K, used 6278K [0x00000000b5a00000, 0x00000000b6f00000, 0x00000000c0000000)
  object space 21504K, 29% used [0x00000000b5a00000,0x00000000b6021958,0x00000000b6f00000)
}
Event: 80.583 GC heap before
{Heap before GC invocations=7 (full 0):
 PSYoungGen      total 125440K, used 123272K [0x00000000eaa80000, 0x00000000f3580000, 0x0000000100000000)
  eden space 113152K, 100% used [0x00000000eaa80000,0x00000000f1900000,0x00000000f1900000)
  from space 12288K, 82% used [0x00000000f2680000,0x00000000f3062300,0x00000000f3280000)
  to   space 13824K, 0% used [0x00000000f1900000,0x00000000f1900000,0x00000000f2680000)
 ParOldGen       total 35840K, used 21259K [0x00000000c0000000, 0x00000000c2300000, 0x00000000eaa80000)
  object space 35840K, 59% used [0x00000000c0000000,0x00000000c14c2e40,0x00000000c2300000)
 PSPermGen       total 21504K, used 6314K [0x00000000b5a00000, 0x00000000b6f00000, 0x00000000c0000000)
  object space 21504K, 29% used [0x00000000b5a00000,0x00000000b602aba8,0x00000000b6f00000)

